<!DOCTYPE html PUBLIC "-//W3C//DTD XHTML 1.1//EN" "https://www.w3.org/TR/xhtml11/DTD/xhtml11.dtd">
<html xmlns="https://www.w3.org/1999/xhtml">
<head>
<meta http-equiv="content-type" content="text/html; charset=UTF-8"/>
<title>TestNG Report</title>
<style type="text/css">table {margin-bottom:10px;border-collapse:collapse;empty-cells:show}th,td {border:1px solid #009;padding:.25em .5em}th {vertical-align:bottom}td {vertical-align:top}table a {font-weight:bold}.stripe td {background-color: #E6EBF9}.num {text-align:right}.passedodd td {background-color: #3F3}.passedeven td {background-color: #0A0}.skippedodd td {background-color: #DDD}.skippedeven td {background-color: #CCC}.failedodd td,.attn {background-color: #F33}.failedeven td,.stripe .attn {background-color: #D00}.stacktrace {white-space:pre;font-family:monospace}.totop {font-size:85%;text-align:center;border-bottom:2px solid #000}.invisible {display:none}</style>
</head>
<body>
<table>
<tr><th>Test</th><th># Passed</th><th># Skipped</th><th># Retried</th><th># Failed</th><th>Time (ms)</th><th>Included Groups</th><th>Excluded Groups</th></tr>
<tr><th colspan="8">test1</th></tr>
<tr><td><a href="#t0">POMFramework</a></td><td class="num">3</td><td class="num attn">5</td><td class="num">0</td><td class="num attn">1</td><td class="num">15,585</td><td></td><td></td></tr>
</table>
<table id='summary'><thead><tr><th>Class</th><th>Method</th><th>Start</th><th>Time (ms)</th></tr></thead><tbody><tr><th colspan="4">test1</th></tr></tbody><tbody id="t0"><tr><th colspan="4">POMFramework &#8212; failed (configuration methods)</th></tr><tr class="failedeven"><td rowspan="1">medicare.testpages.AddProductToCartTest</td><td><a href="#m0">generateTestStatus</a></td><td rowspan="1">1703329887136</td><td rowspan="1">-1703329887136</td></tr><tr class="failedodd"><td rowspan="1">medicare.testpages.LoginPageTest</td><td><a href="#m1">generateTestStatus</a></td><td rowspan="1">1703329886289</td><td rowspan="1">-1703329886289</td></tr><tr class="failedeven"><td rowspan="1">medicare.testpages.PlaceOrderPageTest</td><td><a href="#m2">generateTestStatus</a></td><td rowspan="1">1703329888670</td><td rowspan="1">-1703329888670</td></tr><tr class="failedodd"><td rowspan="1">medicare.testpages.RegisterPageTest</td><td><a href="#m3">generateReports</a></td><td rowspan="1">1703329888725</td><td rowspan="1">948</td></tr><tr><th colspan="4">POMFramework &#8212; failed</th></tr><tr class="failedeven"><td rowspan="1">medicare.testpages.RegisterPageTest</td><td><a href="#m4">RegisterUser</a></td><td rowspan="1">1703329879373</td><td rowspan="1">561</td></tr><tr><th colspan="4">POMFramework &#8212; skipped (configuration methods)</th></tr><tr class="skippedeven"><td rowspan="3">medicare.testpages.AddProductToCartTest</td><td><a href="#m5">generateTestStatus</a></td><td rowspan="3">1703329887161</td><td rowspan="3">0</td></tr><tr class="skippedeven"><td><a href="#m6">generateTestStatus</a></td></tr><tr class="skippedeven"><td><a href="#m7">generateTestStatus</a></td></tr><tr class="skippedodd"><td rowspan="2">medicare.testpages.PlaceOrderPageTest</td><td><a href="#m8">generateTestStatus</a></td><td rowspan="2">1703329888676</td><td rowspan="2">0</td></tr><tr class="skippedodd"><td><a href="#m9">generateTestStatus</a></td></tr><tr><th colspan="4">POMFramework &#8212; skipped</th></tr><tr class="skippedeven"><td rowspan="3">medicare.testpages.AddProductToCartTest</td><td><a href="#m10">ViewProducts</a></td><td rowspan="1">1703329887139</td><td rowspan="1">0</td></tr><tr class="skippedeven"><td><a href="#m11">cart</a></td><td rowspan="1">1703329887158</td><td rowspan="1">0</td></tr><tr class="skippedeven"><td><a href="#m12">test_add_product_to_cart</a></td><td rowspan="1">1703329887144</td><td rowspan="1">0</td></tr><tr class="skippedodd"><td rowspan="2">medicare.testpages.PlaceOrderPageTest</td><td><a href="#m13">PlaceOrder</a></td><td rowspan="1">1703329888674</td><td rowspan="1">0</td></tr><tr class="skippedodd"><td><a href="#m14">cart</a></td><td rowspan="1">1703329888671</td><td rowspan="1">0</td></tr><tr><th colspan="4">POMFramework &#8212; passed</th></tr><tr class="passedeven"><td rowspan="1">medicare.testpages.AddProductToCartTest</td><td><a href="#m15">test_login</a></td><td rowspan="1">1703329886293</td><td rowspan="1">842</td></tr><tr class="passedodd"><td rowspan="1">medicare.testpages.LoginPageTest</td><td><a href="#m16">test_login</a></td><td rowspan="1">1703329884266</td><td rowspan="1">2021</td></tr><tr class="passedeven"><td rowspan="1">medicare.testpages.PlaceOrderPageTest</td><td><a href="#m17">test_login</a></td><td rowspan="1">1703329887165</td><td rowspan="1">1504</td></tr></tbody>
</table>
<h2>POMFramework</h2><h3 id="m0">medicare.testpages.AddProductToCartTest#generateTestStatus</h3><table class="result"><tr><th>Exception</th></tr><tr><td><div class="stacktrace">org.testng.TestNGException: 
Can inject only one of &lt;ITestContext, XmlTest, Method, Object[], ITestResult&gt; into a @AfterMethod annotated generateTestStatus.
For more information on native dependency injection please refer to https://testng.org/doc/documentation-main.html#native-dependency-injection
	at java.base/java.util.ArrayList.forEach(ArrayList.java:1511)
... Removed 29 stack frames</div></td></tr></table><p class="totop"><a href="#summary">back to summary</a></p>
<h3 id="m1">medicare.testpages.LoginPageTest#generateTestStatus</h3><table class="result"><tr><th>Exception</th></tr><tr><td><div class="stacktrace">org.testng.TestNGException: 
Can inject only one of &lt;ITestContext, XmlTest, Method, Object[], ITestResult&gt; into a @AfterMethod annotated generateTestStatus.
For more information on native dependency injection please refer to https://testng.org/doc/documentation-main.html#native-dependency-injection
	at java.base/java.util.ArrayList.forEach(ArrayList.java:1511)
... Removed 29 stack frames</div></td></tr></table><p class="totop"><a href="#summary">back to summary</a></p>
<h3 id="m2">medicare.testpages.PlaceOrderPageTest#generateTestStatus</h3><table class="result"><tr><th>Exception</th></tr><tr><td><div class="stacktrace">org.testng.TestNGException: 
Can inject only one of &lt;ITestContext, XmlTest, Method, Object[], ITestResult&gt; into a @AfterMethod annotated generateTestStatus.
For more information on native dependency injection please refer to https://testng.org/doc/documentation-main.html#native-dependency-injection
	at java.base/java.util.ArrayList.forEach(ArrayList.java:1511)
... Removed 29 stack frames</div></td></tr></table><p class="totop"><a href="#summary">back to summary</a></p>
<h3 id="m3">medicare.testpages.RegisterPageTest#generateReports</h3><table class="result"><tr><th>Exception</th></tr><tr><td><div class="stacktrace">org.openqa.selenium.WebDriverException: disconnected: not connected to DevTools
  (failed to check if window was closed: disconnected: not connected to DevTools)
  (Session info: chrome=120.0.6099.129)
Build info: version: &apos;4.12.1&apos;, revision: &apos;8e34639b11&apos;
System info: os.name: &apos;Windows 11&apos;, os.arch: &apos;amd64&apos;, os.version: &apos;10.0&apos;, java.version: &apos;20&apos;
Driver info: org.openqa.selenium.chrome.ChromeDriver
Command: [9726b45e9ef642d2aa27d8a0c1829597, close {}]
Capabilities {acceptInsecureCerts: false, browserName: chrome, browserVersion: 120.0.6099.129, chrome: {chromedriverVersion: 120.0.6099.109 (3419140ab66..., userDataDir: C:\Users\chozha\AppData\Loc...}, fedcm:accounts: true, goog:chromeOptions: {debuggerAddress: localhost:54308}, networkConnectionEnabled: false, pageLoadStrategy: normal, platformName: windows, proxy: Proxy(), se:cdp: ws://localhost:54308/devtoo..., se:cdpVersion: 120.0.6099.129, setWindowRect: true, strictFileInteractability: false, timeouts: {implicit: 0, pageLoad: 300000, script: 30000}, unhandledPromptBehavior: dismiss and notify, webauthn:extension:credBlob: true, webauthn:extension:largeBlob: true, webauthn:extension:minPinLength: true, webauthn:extension:prf: true, webauthn:virtualAuthenticators: true}
Session ID: 9726b45e9ef642d2aa27d8a0c1829597
	at org.openqa.selenium.remote.codec.w3c.W3CHttpResponseCodec.createException(W3CHttpResponseCodec.java:200)
	at org.openqa.selenium.remote.codec.w3c.W3CHttpResponseCodec.decode(W3CHttpResponseCodec.java:133)
	at org.openqa.selenium.remote.codec.w3c.W3CHttpResponseCodec.decode(W3CHttpResponseCodec.java:52)
	at org.openqa.selenium.remote.HttpCommandExecutor.execute(HttpCommandExecutor.java:191)
	at org.openqa.selenium.remote.service.DriverCommandExecutor.invokeExecute(DriverCommandExecutor.java:196)
	at org.openqa.selenium.remote.service.DriverCommandExecutor.execute(DriverCommandExecutor.java:171)
	at org.openqa.selenium.remote.RemoteWebDriver.execute(RemoteWebDriver.java:602)
	at org.openqa.selenium.remote.RemoteWebDriver.execute(RemoteWebDriver.java:675)
	at org.openqa.selenium.remote.RemoteWebDriver.execute(RemoteWebDriver.java:679)
	at org.openqa.selenium.remote.RemoteWebDriver.close(RemoteWebDriver.java:409)
	at medicare.base.Base.generateReports(Base.java:51)
... Removed 20 stack frames</div></td></tr></table><p class="totop"><a href="#summary">back to summary</a></p>
<h3 id="m4">medicare.testpages.RegisterPageTest#RegisterUser</h3><table class="result"><tr><th>Exception</th></tr><tr><td><div class="stacktrace">org.testng.internal.reflect.MethodMatcherException: 
[public void medicare.testpages.RegisterPageTest.RegisterUser(java.lang.String,java.lang.String,java.lang.String)] has no parameters defined but was found to be using a data provider (either explicitly specified or inherited from class level annotation).
Data provider mismatch
Method: RegisterUser([java.lang.String arg0, java.lang.String arg1, java.lang.String arg2])
Arguments: [(java.lang.String) john,(java.lang.String) Donald,(java.lang.String) john.d189@demogmail.com,(java.lang.String) 4.455664466E9,(java.lang.String) 12345.0,(java.lang.String) 12345.0,(java.lang.String) jhon,(java.lang.String) demo1@gmail.com,(java.lang.String) 1234.0]
	at java.base/java.util.ArrayList.forEach(ArrayList.java:1511)
... Removed 22 stack frames</div></td></tr></table><p class="totop"><a href="#summary">back to summary</a></p>
<h3 id="m5">medicare.testpages.AddProductToCartTest#generateTestStatus</h3><table class="result"><tr><th class="invisible"/></tr></table><p class="totop"><a href="#summary">back to summary</a></p>
<h3 id="m6">medicare.testpages.AddProductToCartTest#generateTestStatus</h3><table class="result"><tr><th class="invisible"/></tr></table><p class="totop"><a href="#summary">back to summary</a></p>
<h3 id="m7">medicare.testpages.AddProductToCartTest#generateTestStatus</h3><table class="result"><tr><th class="invisible"/></tr></table><p class="totop"><a href="#summary">back to summary</a></p>
<h3 id="m8">medicare.testpages.PlaceOrderPageTest#generateTestStatus</h3><table class="result"><tr><th class="invisible"/></tr></table><p class="totop"><a href="#summary">back to summary</a></p>
<h3 id="m9">medicare.testpages.PlaceOrderPageTest#generateTestStatus</h3><table class="result"><tr><th class="invisible"/></tr></table><p class="totop"><a href="#summary">back to summary</a></p>
<h3 id="m10">medicare.testpages.AddProductToCartTest#ViewProducts</h3><table class="result"><tr><th>Exception</th></tr><tr><td><div class="stacktrace">org.testng.TestNGException: 
Can inject only one of &lt;ITestContext, XmlTest, Method, Object[], ITestResult&gt; into a @AfterMethod annotated generateTestStatus.
For more information on native dependency injection please refer to https://testng.org/doc/documentation-main.html#native-dependency-injection
	at java.base/java.util.ArrayList.forEach(ArrayList.java:1511)
... Removed 29 stack frames</div></td></tr></table><p class="totop"><a href="#summary">back to summary</a></p>
<h3 id="m11">medicare.testpages.AddProductToCartTest#cart</h3><table class="result"><tr><th>Exception</th></tr><tr><td><div class="stacktrace">org.testng.TestNGException: 
Can inject only one of &lt;ITestContext, XmlTest, Method, Object[], ITestResult&gt; into a @AfterMethod annotated generateTestStatus.
For more information on native dependency injection please refer to https://testng.org/doc/documentation-main.html#native-dependency-injection
	at java.base/java.util.ArrayList.forEach(ArrayList.java:1511)
... Removed 29 stack frames</div></td></tr></table><p class="totop"><a href="#summary">back to summary</a></p>
<h3 id="m12">medicare.testpages.AddProductToCartTest#test_add_product_to_cart</h3><table class="result"><tr><th>Exception</th></tr><tr><td><div class="stacktrace">org.testng.TestNGException: 
Can inject only one of &lt;ITestContext, XmlTest, Method, Object[], ITestResult&gt; into a @AfterMethod annotated generateTestStatus.
For more information on native dependency injection please refer to https://testng.org/doc/documentation-main.html#native-dependency-injection
	at java.base/java.util.ArrayList.forEach(ArrayList.java:1511)
... Removed 29 stack frames</div></td></tr></table><p class="totop"><a href="#summary">back to summary</a></p>
<h3 id="m13">medicare.testpages.PlaceOrderPageTest#PlaceOrder</h3><table class="result"><tr><th>Exception</th></tr><tr><td><div class="stacktrace">org.testng.TestNGException: 
Can inject only one of &lt;ITestContext, XmlTest, Method, Object[], ITestResult&gt; into a @AfterMethod annotated generateTestStatus.
For more information on native dependency injection please refer to https://testng.org/doc/documentation-main.html#native-dependency-injection
	at java.base/java.util.ArrayList.forEach(ArrayList.java:1511)
... Removed 29 stack frames</div></td></tr></table><p class="totop"><a href="#summary">back to summary</a></p>
<h3 id="m14">medicare.testpages.PlaceOrderPageTest#cart</h3><table class="result"><tr><th>Exception</th></tr><tr><td><div class="stacktrace">org.testng.TestNGException: 
Can inject only one of &lt;ITestContext, XmlTest, Method, Object[], ITestResult&gt; into a @AfterMethod annotated generateTestStatus.
For more information on native dependency injection please refer to https://testng.org/doc/documentation-main.html#native-dependency-injection
	at java.base/java.util.ArrayList.forEach(ArrayList.java:1511)
... Removed 29 stack frames</div></td></tr></table><p class="totop"><a href="#summary">back to summary</a></p>
<h3 id="m15">medicare.testpages.AddProductToCartTest#test_login</h3><table class="result"><tr><th class="invisible"/></tr></table><p class="totop"><a href="#summary">back to summary</a></p>
<h3 id="m16">medicare.testpages.LoginPageTest#test_login</h3><table class="result"><tr><th class="invisible"/></tr></table><p class="totop"><a href="#summary">back to summary</a></p>
<h3 id="m17">medicare.testpages.PlaceOrderPageTest#test_login</h3><table class="result"><tr><th class="invisible"/></tr></table><p class="totop"><a href="#summary">back to summary</a></p>
</body>
</html>
